Flutter crash report.
Please report a bug at https://github.com/flutter/flutter/issues.

## command

flutter pub add pay

## exception

FileSystemException: FileSystemException: Cannot open file, path = 'C:\flutter\version' (OS Error: The system cannot find the file specified.
, errno = 2)

```
#0      _File.throwIfError (dart:io/file_impl.dart:635:7)
#1      _File.openSync (dart:io/file_impl.dart:479:5)
#2      _File.readAsBytesSync (dart:io/file_impl.dart:539:18)
#3      _File.readAsStringSync (dart:io/file_impl.dart:584:18)
#4      ForwardingFile.readAsStringSync (package:file/src/forwarding/forwarding_file.dart:96:16)
#5      ErrorHandlingFile.readAsStringSync.<anonymous closure> (package:flutter_tools/src/base/error_handling_io.dart:222:22)
#6      _runSync (package:flutter_tools/src/base/error_handling_io.dart:597:14)
#7      ErrorHandlingFile.readAsStringSync (package:flutter_tools/src/base/error_handling_io.dart:221:12)
#8      _DefaultPub.interactively (package:flutter_tools/src/dart/pub.dart:429:54)
<asynchronous suspension>
#9      PackagesInteractiveGetCommand.runCommand (package:flutter_tools/src/commands/packages.dart:349:5)
<asynchronous suspension>
#10     FlutterCommand.run.<anonymous closure> (package:flutter_tools/src/runner/flutter_command.dart:1161:27)
<asynchronous suspension>
#11     AppContext.run.<anonymous closure> (package:flutter_tools/src/base/context.dart:150:19)
<asynchronous suspension>
#12     CommandRunner.runCommand (package:args/command_runner.dart:209:13)
<asynchronous suspension>
#13     FlutterCommandRunner.runCommand.<anonymous closure> (package:flutter_tools/src/runner/flutter_command_runner.dart:281:9)
<asynchronous suspension>
#14     AppContext.run.<anonymous closure> (package:flutter_tools/src/base/context.dart:150:19)
<asynchronous suspension>
#15     FlutterCommandRunner.runCommand (package:flutter_tools/src/runner/flutter_command_runner.dart:229:5)
<asynchronous suspension>
#16     run.<anonymous closure>.<anonymous closure> (package:flutter_tools/runner.dart:62:9)
<asynchronous suspension>
#17     AppContext.run.<anonymous closure> (package:flutter_tools/src/base/context.dart:150:19)
<asynchronous suspension>
#18     main (package:flutter_tools/executable.dart:94:3)
<asynchronous suspension>
```

## flutter doctor

```
[✓] Flutter (Channel unknown, 0.0.0-unknown, on Microsoft Windows [Version
    10.0.22000.675], locale en-IN)
    • Flutter version 0.0.0-unknown at C:\flutter
    • Upstream repository unknown
    • Framework revision  (), 1970-01-01 05:30:00.000
    • Engine revision 57d3bac3dd
    • Dart version 2.16.2
    • DevTools version 2.9.2

[✓] Android toolchain - develop for Android devices (Android SDK version 32.1.0-rc1)
    • Android SDK at C:\Users\varsh\AppData\Local\Android\Sdk
    • Platform android-32, build-tools 32.1.0-rc1
    • ANDROID_HOME = C:\Users\varsh\AppData\Local\Android\Sdk
    • Java binary at: C:\Program Files\Android\Android Studio\jre\bin\java
    • Java version OpenJDK Runtime Environment (build 11.0.11+9-b60-7590822)
    • All Android licenses accepted.

[✓] Chrome - develop for the web
    • Chrome at C:\Program Files\Google\Chrome\Application\chrome.exe

[✗] Visual Studio - develop for Windows
    ✗ Visual Studio not installed; this is necessary for Windows development.
      Download at https://visualstudio.microsoft.com/downloads/.
      Please install the "Desktop development with C++" workload, including all of its
      default components

[✓] Android Studio (version 2021.1)
    • Android Studio at C:\Program Files\Android\Android Studio
    • Flutter plugin can be installed from:
      🔨 https://plugins.jetbrains.com/plugin/9212-flutter
    • Dart plugin can be installed from:
      🔨 https://plugins.jetbrains.com/plugin/6351-dart
    • Java version OpenJDK Runtime Environment (build 11.0.11+9-b60-7590822)

[✓] IntelliJ IDEA Community Edition (version 2021.3)
    • IntelliJ at D:\IntelliJ IDEA Community Edition 2021.3.3
    • Flutter plugin version 67.1.3
    • Dart plugin version 213.7371

[✓] VS Code (version 1.67.2)
    • VS Code at C:\Users\varsh\AppData\Local\Programs\Microsoft VS Code
    • Flutter extension version 3.40.0

[✓] Connected device (4 available)
    • Android SDK built for x86 (mobile) • emulator-5554 • android-x86    • Android 11
      (API 30) (emulator)
    • Windows (desktop)                  • windows       • windows-x64    • Microsoft
      Windows [Version 10.0.22000.675]
    • Chrome (web)                       • chrome        • web-javascript • Google Chrome
      101.0.4951.54
    • Edge (web)                         • edge          • web-javascript • Microsoft Edge
      101.0.1210.53

[✓] HTTP Host Availability
    • All required HTTP hosts are available

! Doctor found issues in 1 category.
```
